2019-07-25 11:15:32 0 [Note] InnoDB: Mutexes and rw_locks use Windows interlocked functions
2019-07-25 11:15:32 0 [Note] InnoDB: Uses event mutexes
2019-07-25 11:15:32 0 [Note] InnoDB: Compressed tables use zlib 1.2.11
2019-07-25 11:15:32 0 [Note] InnoDB: Number of pools: 1
2019-07-25 11:15:32 0 [Note] InnoDB: Using SSE2 crc32 instructions
2019-07-25 11:15:32 0 [Note] InnoDB: Initializing buffer pool, total size = 128M, instances = 1, chunk size = 128M
2019-07-25 11:15:32 0 [Note] InnoDB: Completed initialization of buffer pool
2019-07-25 11:15:33 0 [Note] InnoDB: 128 out of 128 rollback segments are active.
2019-07-25 11:15:33 0 [Note] InnoDB: Creating shared tablespace for temporary tables
2019-07-25 11:15:33 0 [Note] InnoDB: Setting file '.\ibtmp1' size to 12 MB. Physically writing the file full; Please wait ...
2019-07-25 11:15:33 0 [Note] InnoDB: File '.\ibtmp1' size is now 12 MB.
2019-07-25 11:15:33 0 [Note] InnoDB: Waiting for purge to start
2019-07-25 11:15:33 0 [Note] InnoDB: 10.3.13 started; log sequence number 19572163; transaction id 8115
2019-07-25 11:15:33 0 [Note] InnoDB: Loading buffer pool(s) from C:\mariadb-10.3.13-winx64\data\ib_buffer_pool
2019-07-25 11:15:33 0 [Note] Plugin 'FEEDBACK' is disabled.
2019-07-25 11:15:33 0 [Note] Server socket created on IP: '::'.
2019-07-25 11:33:25 0 [Note] InnoDB: Mutexes and rw_locks use Windows interlocked functions
2019-07-25 11:33:25 0 [Note] InnoDB: Uses event mutexes
2019-07-25 11:33:25 0 [Note] InnoDB: Compressed tables use zlib 1.2.11
2019-07-25 11:33:25 0 [Note] InnoDB: Number of pools: 1
2019-07-25 11:33:25 0 [Note] InnoDB: Using SSE2 crc32 instructions
2019-07-25 11:33:25 0 [Note] InnoDB: Initializing buffer pool, total size = 128M, instances = 1, chunk size = 128M
2019-07-25 11:33:25 0 [Note] InnoDB: Completed initialization of buffer pool
2019-07-25 11:33:25 0 [Note] InnoDB: Starting crash recovery from checkpoint LSN=26307758
2019-07-25 11:33:26 0 [Note] InnoDB: 128 out of 128 rollback segments are active.
2019-07-25 11:33:26 0 [Note] InnoDB: Removed temporary tablespace data file: "ibtmp1"
2019-07-25 11:33:26 0 [Note] InnoDB: Creating shared tablespace for temporary tables
2019-07-25 11:33:26 0 [Note] InnoDB: Setting file '.\ibtmp1' size to 12 MB. Physically writing the file full; Please wait ...
2019-07-25 11:33:26 0 [Note] InnoDB: File '.\ibtmp1' size is now 12 MB.
2019-07-25 11:33:26 0 [Note] InnoDB: Waiting for purge to start
2019-07-25 11:33:26 0 [Note] InnoDB: 10.3.13 started; log sequence number 26307767; transaction id 13817
2019-07-25 11:33:26 0 [Note] InnoDB: Loading buffer pool(s) from C:\mariadb-10.3.13-winx64\data\ib_buffer_pool
2019-07-25 11:33:26 0 [Note] InnoDB: Buffer pool(s) load completed at 190725 11:33:26
2019-07-25 11:33:26 0 [Note] Plugin 'FEEDBACK' is disabled.
2019-07-25 11:33:26 0 [Note] Server socket created on IP: '::'.
2019-07-25 12:06:11 0 [Note] InnoDB: Mutexes and rw_locks use Windows interlocked functions
2019-07-25 12:06:11 0 [Note] InnoDB: Uses event mutexes
2019-07-25 12:06:11 0 [Note] InnoDB: Compressed tables use zlib 1.2.11
2019-07-25 12:06:11 0 [Note] InnoDB: Number of pools: 1
2019-07-25 12:06:11 0 [Note] InnoDB: Using SSE2 crc32 instructions
2019-07-25 12:06:11 0 [Note] InnoDB: Initializing buffer pool, total size = 128M, instances = 1, chunk size = 128M
2019-07-25 12:06:11 0 [Note] InnoDB: Completed initialization of buffer pool
2019-07-25 12:06:11 0 [Note] InnoDB: Starting crash recovery from checkpoint LSN=34720905
2019-07-25 12:06:11 0 [Note] InnoDB: 128 out of 128 rollback segments are active.
2019-07-25 12:06:11 0 [Note] InnoDB: Removed temporary tablespace data file: "ibtmp1"
2019-07-25 12:06:11 0 [Note] InnoDB: Creating shared tablespace for temporary tables
2019-07-25 12:06:11 0 [Note] InnoDB: Setting file '.\ibtmp1' size to 12 MB. Physically writing the file full; Please wait ...
2019-07-25 12:06:11 0 [Note] InnoDB: File '.\ibtmp1' size is now 12 MB.
2019-07-25 12:06:11 0 [Note] InnoDB: Waiting for purge to start
2019-07-25 12:06:11 0 [Note] InnoDB: 10.3.13 started; log sequence number 34720914; transaction id 22258
2019-07-25 12:06:11 0 [Note] InnoDB: Loading buffer pool(s) from C:\mariadb-10.3.13-winx64\data\ib_buffer_pool
2019-07-25 12:06:11 0 [Note] InnoDB: Buffer pool(s) load completed at 190725 12:06:11
2019-07-25 12:06:11 0 [Note] Plugin 'FEEDBACK' is disabled.
2019-07-25 12:06:11 0 [Note] Server socket created on IP: '::'.
2019-07-25 12:38:36 0 [Note] InnoDB: Mutexes and rw_locks use Windows interlocked functions
2019-07-25 12:38:36 0 [Note] InnoDB: Uses event mutexes
2019-07-25 12:38:36 0 [Note] InnoDB: Compressed tables use zlib 1.2.11
2019-07-25 12:38:36 0 [Note] InnoDB: Number of pools: 1
2019-07-25 12:38:36 0 [Note] InnoDB: Using SSE2 crc32 instructions
2019-07-25 12:38:36 0 [Note] InnoDB: Initializing buffer pool, total size = 128M, instances = 1, chunk size = 128M
2019-07-25 12:38:36 0 [Note] InnoDB: Completed initialization of buffer pool
2019-07-25 12:38:36 0 [Note] InnoDB: Starting crash recovery from checkpoint LSN=46177823
2019-07-25 12:38:36 0 [Note] InnoDB: 128 out of 128 rollback segments are active.
2019-07-25 12:38:36 0 [Note] InnoDB: Removed temporary tablespace data file: "ibtmp1"
2019-07-25 12:38:36 0 [Note] InnoDB: Creating shared tablespace for temporary tables
2019-07-25 12:38:36 0 [Note] InnoDB: Setting file '.\ibtmp1' size to 12 MB. Physically writing the file full; Please wait ...
2019-07-25 12:38:36 0 [Note] InnoDB: File '.\ibtmp1' size is now 12 MB.
2019-07-25 12:38:36 0 [Note] InnoDB: Waiting for purge to start
2019-07-25 12:38:36 0 [Note] InnoDB: 10.3.13 started; log sequence number 46177832; transaction id 28858
2019-07-25 12:38:36 0 [Note] InnoDB: Loading buffer pool(s) from C:\mariadb-10.3.13-winx64\data\ib_buffer_pool
2019-07-25 12:38:36 0 [Note] InnoDB: Buffer pool(s) load completed at 190725 12:38:36
2019-07-25 12:38:36 0 [Note] Plugin 'FEEDBACK' is disabled.
2019-07-25 12:38:36 0 [Note] Server socket created on IP: '::'.
2019-08-08 10:16:39 0 [Note] InnoDB: Mutexes and rw_locks use Windows interlocked functions
2019-08-08 10:16:39 0 [Note] InnoDB: Uses event mutexes
2019-08-08 10:16:39 0 [Note] InnoDB: Compressed tables use zlib 1.2.11
2019-08-08 10:16:39 0 [Note] InnoDB: Number of pools: 1
2019-08-08 10:16:39 0 [Note] InnoDB: Using SSE2 crc32 instructions
2019-08-08 10:16:39 0 [Note] InnoDB: Initializing buffer pool, total size = 128M, instances = 1, chunk size = 128M
2019-08-08 10:16:39 0 [Note] InnoDB: Completed initialization of buffer pool
2019-08-08 10:16:39 0 [Note] InnoDB: Starting crash recovery from checkpoint LSN=52041797
2019-08-08 10:16:42 0 [Note] InnoDB: 128 out of 128 rollback segments are active.
2019-08-08 10:16:42 0 [Note] InnoDB: Removed temporary tablespace data file: "ibtmp1"
2019-08-08 10:16:42 0 [Note] InnoDB: Creating shared tablespace for temporary tables
2019-08-08 10:16:42 0 [Note] InnoDB: Setting file '.\ibtmp1' size to 12 MB. Physically writing the file full; Please wait ...
2019-08-08 10:16:42 0 [Note] InnoDB: File '.\ibtmp1' size is now 12 MB.
2019-08-08 10:16:42 0 [Note] InnoDB: Waiting for purge to start
2019-08-08 10:16:42 0 [Note] InnoDB: 10.3.13 started; log sequence number 52041806; transaction id 33889
2019-08-08 10:16:42 0 [Note] InnoDB: Loading buffer pool(s) from C:\mariadb-10.3.13-winx64\data\ib_buffer_pool
2019-08-08 10:16:42 0 [Note] InnoDB: Buffer pool(s) load completed at 190808 10:16:42
2019-08-08 10:16:42 0 [Note] Plugin 'FEEDBACK' is disabled.
2019-08-08 10:16:42 0 [Note] Server socket created on IP: '::'.
2019-08-23 10:44:51 0 [Note] InnoDB: Mutexes and rw_locks use Windows interlocked functions
2019-08-23 10:44:51 0 [Note] InnoDB: Uses event mutexes
2019-08-23 10:44:51 0 [Note] InnoDB: Compressed tables use zlib 1.2.11
2019-08-23 10:44:51 0 [Note] InnoDB: Number of pools: 1
2019-08-23 10:44:51 0 [Note] InnoDB: Using SSE2 crc32 instructions
2019-08-23 10:44:51 0 [Note] InnoDB: Initializing buffer pool, total size = 128M, instances = 1, chunk size = 128M
2019-08-23 10:44:51 0 [Note] InnoDB: Completed initialization of buffer pool
2019-08-23 10:44:51 0 [Note] InnoDB: Starting crash recovery from checkpoint LSN=58753174
2019-08-23 10:44:53 0 [Note] InnoDB: 128 out of 128 rollback segments are active.
2019-08-23 10:44:53 0 [Note] InnoDB: Removed temporary tablespace data file: "ibtmp1"
2019-08-23 10:44:53 0 [Note] InnoDB: Creating shared tablespace for temporary tables
2019-08-23 10:44:53 0 [Note] InnoDB: Setting file '.\ibtmp1' size to 12 MB. Physically writing the file full; Please wait ...
2019-08-23 10:44:53 0 [Note] InnoDB: File '.\ibtmp1' size is now 12 MB.
2019-08-23 10:44:53 0 [Note] InnoDB: Waiting for purge to start
2019-08-23 10:44:53 0 [Note] InnoDB: 10.3.13 started; log sequence number 58753183; transaction id 39579
2019-08-23 10:44:53 0 [Note] InnoDB: Loading buffer pool(s) from C:\mariadb-10.3.13-winx64\data\ib_buffer_pool
2019-08-23 10:44:53 0 [Note] InnoDB: Buffer pool(s) load completed at 190823 10:44:53
2019-08-23 10:44:53 0 [Note] Plugin 'FEEDBACK' is disabled.
2019-08-23 10:44:53 0 [Note] Server socket created on IP: '::'.
2019-08-23 11:00:15 0 [Note] InnoDB: Mutexes and rw_locks use Windows interlocked functions
2019-08-23 11:00:15 0 [Note] InnoDB: Uses event mutexes
2019-08-23 11:00:15 0 [Note] InnoDB: Compressed tables use zlib 1.2.11
2019-08-23 11:00:15 0 [Note] InnoDB: Number of pools: 1
2019-08-23 11:00:15 0 [Note] InnoDB: Using SSE2 crc32 instructions
2019-08-23 11:00:15 0 [Note] InnoDB: Initializing buffer pool, total size = 128M, instances = 1, chunk size = 128M
2019-08-23 11:00:15 0 [Note] InnoDB: Completed initialization of buffer pool
2019-08-23 11:00:15 0 [Note] InnoDB: Starting crash recovery from checkpoint LSN=85037941
2019-08-23 11:00:15 0 [Note] InnoDB: 128 out of 128 rollback segments are active.
2019-08-23 11:00:15 0 [Note] InnoDB: Removed temporary tablespace data file: "ibtmp1"
2019-08-23 11:00:15 0 [Note] InnoDB: Creating shared tablespace for temporary tables
2019-08-23 11:00:15 0 [Note] InnoDB: Setting file '.\ibtmp1' size to 12 MB. Physically writing the file full; Please wait ...
2019-08-23 11:00:15 0 [Note] InnoDB: File '.\ibtmp1' size is now 12 MB.
2019-08-23 11:00:15 0 [Note] InnoDB: Waiting for purge to start
2019-08-23 11:00:15 0 [Note] InnoDB: 10.3.13 started; log sequence number 85037950; transaction id 62630
2019-08-23 11:00:15 0 [Note] InnoDB: Loading buffer pool(s) from C:\mariadb-10.3.13-winx64\data\ib_buffer_pool
2019-08-23 11:00:15 0 [Note] InnoDB: Buffer pool(s) load completed at 190823 11:00:15
2019-08-23 11:00:15 0 [Note] Plugin 'FEEDBACK' is disabled.
2019-08-23 11:00:15 0 [Note] Server socket created on IP: '::'.
2019-10-15 14:29:29 0 [Note] InnoDB: Mutexes and rw_locks use Windows interlocked functions
2019-10-15 14:29:29 0 [Note] InnoDB: Uses event mutexes
2019-10-15 14:29:29 0 [Note] InnoDB: Compressed tables use zlib 1.2.11
2019-10-15 14:29:29 0 [Note] InnoDB: Number of pools: 1
2019-10-15 14:29:29 0 [Note] InnoDB: Using SSE2 crc32 instructions
2019-10-15 14:29:29 0 [Note] InnoDB: Initializing buffer pool, total size = 128M, instances = 1, chunk size = 128M
2019-10-15 14:29:29 0 [Note] InnoDB: Completed initialization of buffer pool
2019-10-15 14:29:29 0 [Note] InnoDB: Starting crash recovery from checkpoint LSN=195811435
2019-10-15 14:29:31 0 [Note] InnoDB: 128 out of 128 rollback segments are active.
2019-10-15 14:29:31 0 [Note] InnoDB: Removed temporary tablespace data file: "ibtmp1"
2019-10-15 14:29:31 0 [Note] InnoDB: Creating shared tablespace for temporary tables
2019-10-15 14:29:31 0 [Note] InnoDB: Setting file '.\ibtmp1' size to 12 MB. Physically writing the file full; Please wait ...
2019-10-15 14:29:31 0 [Note] InnoDB: File '.\ibtmp1' size is now 12 MB.
2019-10-15 14:29:31 0 [Note] InnoDB: Waiting for purge to start
2019-10-15 14:29:31 0 [Note] InnoDB: 10.3.13 started; log sequence number 195811444; transaction id 127984
2019-10-15 14:29:31 0 [Note] InnoDB: Loading buffer pool(s) from C:\mariadb-10.3.13-winx64\data\ib_buffer_pool
2019-10-15 14:29:31 0 [Note] InnoDB: Buffer pool(s) load completed at 191015 14:29:31
2019-10-15 14:29:31 0 [Note] Plugin 'FEEDBACK' is disabled.
2019-10-15 14:29:31 0 [Note] Server socket created on IP: '::'.
2019-11-01 16:38:27 0 [Note] InnoDB: Mutexes and rw_locks use Windows interlocked functions
2019-11-01 16:38:27 0 [Note] InnoDB: Uses event mutexes
2019-11-01 16:38:27 0 [Note] InnoDB: Compressed tables use zlib 1.2.11
2019-11-01 16:38:27 0 [Note] InnoDB: Number of pools: 1
2019-11-01 16:38:27 0 [Note] InnoDB: Using SSE2 crc32 instructions
2019-11-01 16:38:27 0 [Note] InnoDB: Initializing buffer pool, total size = 128M, instances = 1, chunk size = 128M
2019-11-01 16:38:27 0 [Note] InnoDB: Completed initialization of buffer pool
2019-11-01 16:38:27 0 [Note] InnoDB: Starting crash recovery from checkpoint LSN=216022916
2019-11-01 16:38:28 0 [Note] InnoDB: 128 out of 128 rollback segments are active.
2019-11-01 16:38:29 0 [Note] InnoDB: Removed temporary tablespace data file: "ibtmp1"
2019-11-01 16:38:29 0 [Note] InnoDB: Creating shared tablespace for temporary tables
2019-11-01 16:38:29 0 [Note] InnoDB: Setting file '.\ibtmp1' size to 12 MB. Physically writing the file full; Please wait ...
2019-11-01 16:38:29 0 [Note] InnoDB: File '.\ibtmp1' size is now 12 MB.
2019-11-01 16:38:29 0 [Note] InnoDB: 10.3.13 started; log sequence number 216022925; transaction id 136264
2019-11-01 16:38:29 0 [Note] InnoDB: Loading buffer pool(s) from C:\mariadb-10.3.13-winx64\data\ib_buffer_pool
2019-11-01 16:38:29 0 [Note] InnoDB: Buffer pool(s) load completed at 191101 16:38:29
2019-11-01 16:38:29 0 [Note] Plugin 'FEEDBACK' is disabled.
2019-11-01 16:38:29 0 [Note] Server socket created on IP: '::'.
2019-11-07  8:51:20 0 [Note] InnoDB: Mutexes and rw_locks use Windows interlocked functions
2019-11-07  8:51:20 0 [Note] InnoDB: Uses event mutexes
2019-11-07  8:51:20 0 [Note] InnoDB: Compressed tables use zlib 1.2.11
2019-11-07  8:51:20 0 [Note] InnoDB: Number of pools: 1
2019-11-07  8:51:20 0 [Note] InnoDB: Using SSE2 crc32 instructions
2019-11-07  8:51:20 0 [Note] InnoDB: Initializing buffer pool, total size = 128M, instances = 1, chunk size = 128M
2019-11-07  8:51:20 0 [Note] InnoDB: Completed initialization of buffer pool
2019-11-07  8:51:20 0 [Note] InnoDB: Starting crash recovery from checkpoint LSN=228500797
2019-11-07  8:51:22 0 [Note] InnoDB: 128 out of 128 rollback segments are active.
2019-11-07  8:51:22 0 [Note] InnoDB: Removed temporary tablespace data file: "ibtmp1"
2019-11-07  8:51:22 0 [Note] InnoDB: Creating shared tablespace for temporary tables
2019-11-07  8:51:22 0 [Note] InnoDB: Setting file '.\ibtmp1' size to 12 MB. Physically writing the file full; Please wait ...
2019-11-07  8:51:22 0 [Note] InnoDB: File '.\ibtmp1' size is now 12 MB.
2019-11-07  8:51:22 0 [Note] InnoDB: 10.3.13 started; log sequence number 228500806; transaction id 143251
2019-11-07  8:51:22 0 [Note] InnoDB: Loading buffer pool(s) from C:\mariadb-10.3.13-winx64\data\ib_buffer_pool
2019-11-07  8:51:22 0 [Note] InnoDB: Buffer pool(s) load completed at 191107  8:51:22
2019-11-07  8:51:22 0 [Note] Plugin 'FEEDBACK' is disabled.
2019-11-07  8:51:22 0 [Note] Server socket created on IP: '::'.
2019-11-07  8:51:22 0 [ERROR] Can't start server: Bind on TCP/IP port. Got error: 10048: Solo se permite un uso de cada dirección de socket (protocolo/dirección de red/puerto)

2019-11-07  8:51:22 0 [ERROR] Do you already have another mysqld server running on port: 3306 ?
2019-11-07  8:51:22 0 [ERROR] Aborting

2019-11-07 11:09:20 0 [Note] InnoDB: Mutexes and rw_locks use Windows interlocked functions
2019-11-07 11:09:20 0 [Note] InnoDB: Uses event mutexes
2019-11-07 11:09:20 0 [Note] InnoDB: Compressed tables use zlib 1.2.11
2019-11-07 11:09:20 0 [Note] InnoDB: Number of pools: 1
2019-11-07 11:09:20 0 [Note] InnoDB: Using SSE2 crc32 instructions
2019-11-07 11:09:20 0 [Note] InnoDB: Initializing buffer pool, total size = 128M, instances = 1, chunk size = 128M
2019-11-07 11:09:20 0 [Note] InnoDB: Completed initialization of buffer pool
2019-11-07 11:09:21 0 [Note] InnoDB: 128 out of 128 rollback segments are active.
2019-11-07 11:09:21 0 [Note] InnoDB: Creating shared tablespace for temporary tables
2019-11-07 11:09:21 0 [Note] InnoDB: Setting file '.\ibtmp1' size to 12 MB. Physically writing the file full; Please wait ...
2019-11-07 11:09:21 0 [Note] InnoDB: File '.\ibtmp1' size is now 12 MB.
2019-11-07 11:09:21 0 [Note] InnoDB: 10.3.13 started; log sequence number 228500815; transaction id 143251
2019-11-07 11:09:21 0 [Note] InnoDB: Loading buffer pool(s) from C:\mariadb-10.3.13-winx64\data\ib_buffer_pool
2019-11-07 11:09:22 0 [Note] Plugin 'FEEDBACK' is disabled.
2019-11-07 11:09:22 0 [Note] Server socket created on IP: '::'.
2019-11-07 12:05:25 0 [Note] InnoDB: Mutexes and rw_locks use Windows interlocked functions
2019-11-07 12:05:25 0 [Note] InnoDB: Uses event mutexes
2019-11-07 12:05:25 0 [Note] InnoDB: Compressed tables use zlib 1.2.11
2019-11-07 12:05:25 0 [Note] InnoDB: Number of pools: 1
2019-11-07 12:05:25 0 [Note] InnoDB: Using SSE2 crc32 instructions
2019-11-07 12:05:25 0 [Note] InnoDB: Initializing buffer pool, total size = 128M, instances = 1, chunk size = 128M
2019-11-07 12:05:25 0 [Note] InnoDB: Completed initialization of buffer pool
2019-11-07 12:05:25 0 [Note] InnoDB: Starting crash recovery from checkpoint LSN=249387095
2019-11-07 12:05:25 0 [Note] InnoDB: 128 out of 128 rollback segments are active.
2019-11-07 12:05:25 0 [Note] InnoDB: Removed temporary tablespace data file: "ibtmp1"
2019-11-07 12:05:25 0 [Note] InnoDB: Creating shared tablespace for temporary tables
2019-11-07 12:05:25 0 [Note] InnoDB: Setting file '.\ibtmp1' size to 12 MB. Physically writing the file full; Please wait ...
2019-11-07 12:05:25 0 [Note] InnoDB: File '.\ibtmp1' size is now 12 MB.
2019-11-07 12:05:25 0 [Note] InnoDB: 10.3.13 started; log sequence number 249387104; transaction id 156747
2019-11-07 12:05:25 0 [Note] InnoDB: Loading buffer pool(s) from C:\mariadb-10.3.13-winx64\data\ib_buffer_pool
2019-11-07 12:05:25 0 [Note] Plugin 'FEEDBACK' is disabled.
2019-11-07 12:05:25 0 [Note] InnoDB: Buffer pool(s) load completed at 191107 12:05:25
2019-11-07 12:05:25 0 [Note] Server socket created on IP: '::'.
2019-11-07 19:16:37 0 [Note] InnoDB: Mutexes and rw_locks use Windows interlocked functions
2019-11-07 19:16:37 0 [Note] InnoDB: Uses event mutexes
2019-11-07 19:16:37 0 [Note] InnoDB: Compressed tables use zlib 1.2.11
2019-11-07 19:16:37 0 [Note] InnoDB: Number of pools: 1
2019-11-07 19:16:37 0 [Note] InnoDB: Using SSE2 crc32 instructions
2019-11-07 19:16:37 0 [Note] InnoDB: Initializing buffer pool, total size = 128M, instances = 1, chunk size = 128M
2019-11-07 19:16:37 0 [Note] InnoDB: Completed initialization of buffer pool
2019-11-07 19:16:37 0 [Note] InnoDB: Starting crash recovery from checkpoint LSN=299810649
2019-11-07 19:16:44 0 [Note] InnoDB: 128 out of 128 rollback segments are active.
2019-11-07 19:16:44 0 [Note] InnoDB: Removed temporary tablespace data file: "ibtmp1"
2019-11-07 19:16:44 0 [Note] InnoDB: Creating shared tablespace for temporary tables
2019-11-07 19:16:44 0 [Note] InnoDB: Setting file '.\ibtmp1' size to 12 MB. Physically writing the file full; Please wait ...
2019-11-07 19:16:44 0 [Note] InnoDB: File '.\ibtmp1' size is now 12 MB.
2019-11-07 19:16:44 0 [Note] InnoDB: Waiting for purge to start
2019-11-07 19:16:44 0 [Note] InnoDB: 10.3.13 started; log sequence number 299810658; transaction id 191284
2019-11-07 19:16:44 0 [Note] InnoDB: Loading buffer pool(s) from C:\mariadb-10.3.13-winx64\data\ib_buffer_pool
2019-11-07 19:16:44 0 [Note] InnoDB: Buffer pool(s) load completed at 191107 19:16:44
2019-11-07 19:16:44 0 [Note] Plugin 'FEEDBACK' is disabled.
2019-11-07 19:16:44 0 [Note] Server socket created on IP: '::'.
2019-11-09  8:12:48 0 [Note] InnoDB: Mutexes and rw_locks use Windows interlocked functions
2019-11-09  8:12:48 0 [Note] InnoDB: Uses event mutexes
2019-11-09  8:12:48 0 [Note] InnoDB: Compressed tables use zlib 1.2.11
2019-11-09  8:12:48 0 [Note] InnoDB: Number of pools: 1
2019-11-09  8:12:48 0 [Note] InnoDB: Using SSE2 crc32 instructions
2019-11-09  8:12:48 0 [Note] InnoDB: Initializing buffer pool, total size = 128M, instances = 1, chunk size = 128M
2019-11-09  8:12:48 0 [Note] InnoDB: Completed initialization of buffer pool
2019-11-09  8:12:48 0 [Note] InnoDB: Starting crash recovery from checkpoint LSN=299857132
2019-11-09  8:12:53 0 [Note] InnoDB: 128 out of 128 rollback segments are active.
2019-11-09  8:12:53 0 [Note] InnoDB: Removed temporary tablespace data file: "ibtmp1"
2019-11-09  8:12:53 0 [Note] InnoDB: Creating shared tablespace for temporary tables
2019-11-09  8:12:53 0 [Note] InnoDB: Setting file '.\ibtmp1' size to 12 MB. Physically writing the file full; Please wait ...
2019-11-09  8:12:53 0 [Note] InnoDB: File '.\ibtmp1' size is now 12 MB.
2019-11-09  8:12:53 0 [Note] InnoDB: Waiting for purge to start
2019-11-09  8:12:53 0 [Note] InnoDB: 10.3.13 started; log sequence number 299857141; transaction id 191471
2019-11-09  8:12:53 0 [Note] InnoDB: Loading buffer pool(s) from C:\mariadb-10.3.13-winx64\data\ib_buffer_pool
2019-11-09  8:12:53 0 [Note] InnoDB: Buffer pool(s) load completed at 191109  8:12:53
2019-11-09  8:12:53 0 [Note] Plugin 'FEEDBACK' is disabled.
2019-11-09  8:12:53 0 [Note] Server socket created on IP: '::'.
